process_radtags -f ../lane1rad/lane1_NoIndex_L001_R1_001.fastq -o ./samples/ -b ./data/decradbarcodes1.csv -e sbfI -r -c -q -i fastq
process_radtags executed 2015-01-14 11:10:53

File	Retained Reads	Low Quality	Ambiguous Barcodes	Ambiguous RAD-Tag	Total
lane1_NoIndex_L001_R1_001.fastq	1058753	293307	7909635	6738305	16000000

Total Sequences	16000000
Ambiguous Barcodes	7909635
Low Quality	293307
Ambiguous RAD-Tag	6738305
Retained Reads	1058753

Barcode	Total	No RadTag	Low Quality	Retained
AAACGG	45270	44885	64	321
AACGTT	40139	39759	76	304
AACTGA	72483	68395	1566	2522
AAGACG	53119	34671	3988	14460
AAGCTA	45077	42232	659	2186
AATATC	51718	41699	2589	7430
AATGAG	44948	41632	682	2634
ACAAGA	83649	64686	5012	13951
ACAGCG	54678	40891	2630	11157
ACATAC	157768	101622	8643	47503
ACCATG	148424	110753	9619	28052
ACCCCC	168205	128048	9867	30290
ACTCTT	34019	32935	259	825
ACTGGC	39473	38834	178	461
AGCCAT	85978	76081	2342	7555
AGCGCA	54701	44720	2644	7337
AGGGTC	58223	45274	4047	8902
AGGTGT	40829	35639	730	4460
AGTAGG	44907	34244	1865	8798
AGTTAA	60225	46790	3341	10094
ATAGTA	40437	36778	501	3158
ATCAAA	83369	80387	522	2460
ATGCAC	124477	94663	4116	25698
ATGTTG	96928	55069	8940	32919
ATTCCG	26859	23762	1103	1994
CAAAAA	171702	166074	1520	4108
CAATCG	88892	88583	74	235
CACCTC	147230	139164	1595	6471
CAGGCA	130755	119070	3400	8285
CATACT	117126	102640	3080	11406
CCATTT	118221	103754	2845	11622
CCCGGT	91869	82029	1746	8094
CCCTAA	179556	163240	3524	12792
CCGAGG	94981	71021	5841	18119
CCGCAT	134258	91077	10511	32670
CCTAAC	124739	91776	7191	25772
CGAGGC	49719	46918	789	2012
CGCAGA	88220	78120	1867	8233
CGCGTG	53553	50085	750	2718
CGGTCC	63326	54878	1492	6956
CGTCTA	76550	68146	1432	6972
CGTGAT	101147	87640	2802	10705
CTACAG	129186	112103	3860	13223
CTCGCC	53451	52190	245	1016
CTGCGA	107875	86150	5438	16287
CTGGTT	105075	79482	5032	20561
CTTATG	81108	64332	3803	12973
CTTTGC	114318	81985	5378	26955
GAAATG	92711	87545	1067	4099
GAACCA	115679	112614	730	2335
GACGAC	90349	86776	726	2847
GACTCT	64802	63851	203	748
GAGAGA	91346	87170	834	3342
GATCGT	61489	52702	2401	6386
GCAGAT	81511	77531	943	3037
GCATGG	99663	90241	1944	7478
GCCGTA	94290	82988	1864	9438
GCGACC	52960	43372	1724	7864
GCGCTG	84210	48672	6277	29261
GCTCAA	150666	111826	7994	30846
GGACTT	88176	84019	917	3240
GGCAAG	111754	105871	1125	4758
GGGCGC	57588	51075	2062	4451
GGGGCG	100433	87941	5563	6929
GGTACA	121163	104967	4142	12054
GGTTTG	110514	99525	4050	6939
GTAAGT	68983	61677	1792	5514
GTATCC	94250	76412	3833	14005
GTCATC	119495	109171	1364	8960
GTGCCT	85452	78731	1699	5022
GTGTAA	157066	115633	8718	32715
GTTGGA	103453	80842	2887	19724
TAAGCT	36906	35552	250	1104
TAATTC	47942	41930	1221	4791
TACACA	137001	135150	401	1450
TACGGG	39393	36374	1112	1907
TAGTAT	43649	34049	1616	7984
TATCAC	94120	81214	2462	10444
TCAAAG	68716	59716	2234	6766
TCCTGC	80326	65731	3340	11255
TCGATT	53007	27428	6788	18791
TCGCCA	71963	36048	7270	28645
TCGGAC	69133	33382	7643	28108
TCTCGG	40100	28449	2125	9526
TCTTCT	34005	29009	1649	3347
TGAACC	66032	60679	1463	3890
TGACAA	119719	116750	667	2302
TGCCCG	63496	59492	1043	2961
TGCTTA	103099	89461	2552	11086
TGGGGA	54959	54533	83	343
TTATGA	56354	47344	1521	7489
TTCCGT	49019	36634	2178	10207
TTCTAG	42670	26515	2228	13927
TTGAGC	62390	34035	7605	20750
TTTAAT	75182	32965	8891	33326
TTTGTC	104421	49807	11908	42706

Sequences not recorded
Barcode	Total
CAACAC	21456
CATGTA	20166
GGTCAT	17683
CACACC	16624
CCCCCA	15822
CCCCTG	15716
GTCACA	15655
AGAGAG	15547
CAACAT	15510
GGCCAA	15346
GGGCAA	15246
CCCCAC	15080
CCACTG	14969
CACCAA	14727
CCCCCG	14479
CCCCGG	14450
CCCCTA	13998
GCCCCA	13902
CCACAC	13740
CACAAC	13652
GGTCAC	13335
CACCAT	13334
GTACAT	13266
CACATG	12814
CTGCTG	12762
CACAAT	12751
CCACAA	12668
CCCACC	12556
CCCCTT	12503
CAATGT	12479
CACATA	12423
CCACCA	12384
GACCTT	12368
CCCCCT	12300
CATCAA	12089
ACCCTA	12007
CCACCC	11971
CCAACA	11885
GGCCCC	11775
CCGGTC	11758
CACTAC	11756
GGATCA	11747
GCCACA	11731
GACAAA	11674
CAATGC	11674
CCCACA	11666
GCCAAA	11598
CCCATA	11497
CACCAG	11480
GCCCTT	11471
CCCTGG	11402
CAATAC	11230
CACTGT	11221
CAGTGA	11135
GTACAA	11009
GGACAC	10639
CACCCA	10553
GGCCTA	10487
GGCCAC	10446
CCCCAG	10419
CAATGA	10368
CCATCA	10326
CACTGG	10313
CAATAT	10279
CGTCAC	10276
TACATG	10264
GGAGTA	10241
GTACAC	10127
CCCTTG	10115
GGAGGA	10099
GACCAA	10071
TGCATG	9998
CACTAT	9932
CCCATC	9915
CATGAA	9912
TGTGTG	9908
CACATT	9877
GTCTGT	9867
GCCATT	9794
GGTCAG	9697
TACCAA	9623
CATTGT	9620
CAGCAA	9540
AACCCT	9510
CCATGA	9500
CCACTA	9476
CTGACC	9465
CCCTCC	9419
CAACTG	9398
CACTGC	9374
CATCAT	9331
TGTGAC	9322
TGCAAA	9146
GTCCAA	9138
GACCAT	9100
GACATA	9073
CCAATA	8991
GGGTTA	8974
GGGGGT	8968
CTGACA	8964
CAACTA	8958
CACGGA	8942
CACAAG	8942
CACAGC	8920
CATTGA	8854
CAAACC	8852
GACCGG	8838
CACTCA	8830
GGTGAA	8824
CCCAAT	8814
GTCCAT	8806
CATGTG	8797
GCAACA	8740
CATGAC	8736
GCCCAT	8732
CTGTGT	8723
CTGTAC	8634
CATGGA	8632
TAACCC	8611
GACCCC	8593
CACAGT	8572
CAGGTG	8538
GGGCCA	8535
GGCATA	8527
GTGTGT	8527
CAGGGG	8486
CCTTGA	8465
CCCATT	8333
TGCAAC	8300
TGTGTA	8300
GGTGGG	8286
CACTTG	8171
GGCCCA	8144
CAAAGG	8123
GGCCTC	8111
GGACAG	8106
CCTGCA	8089
CCACCT	8053
GGTGTA	8027
CAACCC	8007
GTCCAG	8000
CAACTT	7999
CAAATC	7965
GTGACA	7965
CAGCAG	7954
CCATGC	7926
GGCCCT	7923
CATTCA	7903
TGTCTG	7839
TGACCT	7833
CATGTC	7813
ACCACA	7781
CACGAA	7754
CTGTCA	7746
CACCCG	7732
GTCCCA	7719
CAGTGT	7717
CAAAGT	7707
CCAATG	7678
CATCAG	7660
CACAGG	7639
GCATCA	7623
GCCCAG	7579
CTGTCT	7565
CCCTTC	7558
TGTCAT	7520
TGCTGT	7518
CTACCA	7516
GCCAAT	7492
ACACAA	7486
CCAGTG	7439
CGATGG	7413
CCAAGT	7406
CATTAC	7398
GGTGAC	7357
CCCAAG	7351
GACCTA	7346
GGTGCC	7343
GTTGAC	7318
TGCATT	7316
GACAAT	7281
CACGGC	7259
GACATT	7231
TGTCCA	7226
GTCCAC	7222
CAGCAC	7220
CCCACT	7186
ACACCA	7179
GGCCTG	7165
CTGTAT	7146
CCCTCT	7139
CCAAAT	7129
CTCCAT	7114
GACCTG	7109
CCTCCA	7108
CAAGGT	7108
CACCCT	7093
CCTGAA	7091
TGTGCA	7089
CAAGAG	7086
GTAACA	7080
TGTTGA	7076
GTCAAT	7064
GGTCCG	7048
CAAAGC	7041
CCTTGG	7033
CAAGTG	7006
TCACAC	6978
GAACAC	6965
CCAGAA	6939
CTGCTC	6927
TGCAAT	6916
CAGTCT	6896
GGCTGT	6887
CAAGTA	6886
AAACAA	6863
CATCCA	6846
CAAGAC	6838
GCAATA	6818
CATGCC	6814
GGTCCC	6810
GTGATG	6808
CCTACA	6798
CCAGCA	6798
CAGCTG	6778
CTGATA	6776
CCTCTG	6775
TACAAC	6775
CAGTGG	6744
GTGATA	6740
CCGTGT	6690
CATGTT	6672
GACCAG	6654
CAAGTT	6650
GGCTCA	6647
GGTGTT	6642
GGATGC	6635
CCTGTA	6631
CATTTG	6621
GCCAAC	6614
CTGATC	6602
CAATTA	6589
GAAAAC	6587
GTCACT	6580
CATATA	6566
TGTTGT	6547
CACTTA	6546
TGTGAA	6533
CAAGGG	6522
CCACTC	6513
CCATCC	6504
GGAAAA	6501
GCAAAA	6499
TGTTGC	6491
GAACAG	6476
CTAACC	6475
GAACAT	6461
GCCTTT	6441
GGATGA	6431
GGACCC	6429
CATCTG	6426
GTACGA	6426
GGCGAA	6418
GTTTAC	6413
CACTTT	6411
TGCATC	6403
GCATAA	6401
CAACGA	6390
CTATCA	6389
CAAGGA	6389
CTACCC	6383
CATCCC	6360
GGGGTA	6355
GTATAT	6346
CCTTTG	6342
CAGTAC	6338
GTGTGG	6326
CAGAAC	6320
GGCTAA	6308
GGCGGG	6302
CCAGTA	6292
GCCTAT	6279
CAACCT	6277
GGCATT	6275
GATGAA	6274
CCAGTC	6270
CATTAA	6266
GTACTG	6265
CAGTAA	6263
CATTTC	6245
ATACCA	6243
CTCACA	6243
CATGGC	6240
CCTTGT	6231
GTCTGA	6230
GGTGGT	6227
GGGTCA	6225
GGTTAT	6222
TGCTAT	6179
CCAGGA	6169
GTGGTA	6162
TGATCA	6149
TCCATA	6149
CTGAAA	6147
CCTGTG	6126
CCGTGA	6117
GTGCTA	6115
TCCAAA	6108
GATGTG	6101
GACACC	6096
GGTTAC	6094
GTACTA	6086
AAACAC	6073
GGCTAC	6067
GGTGTC	6059
GCACAC	6050
GGCTAT	6043
GTAAAC	6027
CTGGGC	6026
TGACTG	6000
CAGACC	5984
GTGCAG	5984
CTGTAG	5982
CTAACA	5981
ACCCAA	5980
GGATAC	5974
GATCAG	5962
GGTTGT	5954
AACCAC	5951
GTCAGA	5945
GCCTAC	5940
AACAAC	5937
GCCCAC	5931
GCAAAC	5919
CATTAT	5917
CCACGA	5913
GGAGGG	5890
GCCTTG	5882
GAAGAA	5881
GCCTGT	5881
GGCTGA	5881
CTGGAC	5879
AGCATC	5878
GTTGTT	5874
ACACAT	5870
GTTTGT	5864
TACCCC	5854
AACCAA	5851
CATGGT	5848
GGGCAT	5844
CCCACG	5839
CCGGAA	5835
GCCCCT	5834
CCAGGG	5832
CTTGCA	5803
CCTGTC	5799
CACACG	5772
CCTGGA	5767
GGTTGA	5745
CTCCAA	5738
TGTATG	5728
GGGGAT	5720
CAGCCC	5716
ACATGT	5713
GCTTAC	5697
CCAGAC	5696
CAAGAT	5689
TGATGT	5685
GTCTAC	5684
CACTCC	5682
GTCGAA	5681
CAAATT	5680
GAATAC	5676
CCTGCT	5672
CCAATC	5666
CAACGT	5663
CCTCCC	5657
GGAGAA	5654
TGTGTT	5632
GATGCT	5628
CAAGTC	5623
TCACTG	5603
GGGTGG	5587
GTCTGC	5580
TGCAGT	5569
CTGCCC	5564
GTTGAT	5563
CAGATA	5558
TCAACA	5548
TGCCAC	5535
TACCTG	5535
CATTTT	5525
GACAGT	5524
TACCAT	5520
TGTTAC	5519
GTTGTG	5512
ACACAG	5491
CCATAG	5491
CAGATG	5490
CACGAT	5471
GACTAA	5467
CAACGC	5450
CTTGAC	5450
CCTGCC	5429
ACCAAT	5420
GGGATC	5413
CATTGG	5411
TGATGC	5410
TGTATA	5409
CCGCCC	5403
CTCTCT	5403
CGACAC	5395
CTGTGG	5393
TGACGT	5393
CAGATC	5392
CATTTA	5378
TATGCA	5372
CCCAGC	5351
CGAACA	5350
CCAACT	5345
CTGAAC	5343
GATGCA	5338
GCTGTG	5338
CAGCCT	5334
CTATAC	5327
ACCAAC	5325
GCATTA	5314
ACCACT	5301
CAGTGC	5300
TGATAC	5299
TGTTCA	5297
CGGACA	5290
TCCCCT	5290
GTGGTG	5280
CCAACC	5276
CACCGA	5273
CTCTGA	5270
GGAAAC	5266
GATGTA	5265
TGCACT	5237
TGGACA	5229
CCGAAA	5227
GGTCCT	5225
CCCCGA	5225
GAGGAT	5223
CCAGAG	5221
GTCCTT	5213
TCCATC	5210
TACATC	5210
GAAAAT	5181
CTGTTC	5173
GGATAT	5172
GCCAGA	5167
GACAGG	5165
ACCCAG	5164
GGGAAA	5163
ACATCA	5157
CTCTGT	5155
TGATAT	5142
CTCCAC	5138
GGGAGG	5135
CTACTA	5121
CGCAAC	5109
TAGGGC	5108
GAATGA	5105
GGGGTT	5102
GTAGTG	5100
CCTGAG	5097
CCCCGC	5087
CCGACA	5082
TGCTAC	5080
TACAGT	5076
CACTAG	5073
CATTCC	5051
TGGCAC	5047
TCATCA	5045
GACTTA	5030
CACCGT	5027
TCCCAA	5009
CACGTA	5008
CAAGCC	5000
GCTGCA	4992
CAGAAT	4988
CAGGTC	4985
CACCGG	4983
CAGCTT	4964
GCCTCA	4962
TGTAAA	4960
GAAACC	4948
GGTGAG	4945
CGTGCA	4940
GGATGT	4938
GTCTAT	4937
GGGCTA	4924
GGATAA	4913
GACAGC	4903
GTCCTA	4898
CCTGTT	4897
CAGGAC	4879
CTACCT	4865
GTGGGG	4864
GACTTG	4863
CAGGGC	4862
GTTCAT	4851
CGACAT	4845
GTGTTT	4839
GCTATA	4837
GACGGA	4819
GAATGC	4809
GATGAT	4809
GGAGAC	4792
CATGGG	4791
CCACCG	4787
TGTCAG	4786
GTAGCA	4786
GTCTCA	4782
GTGCTC	4780
ACACTG	4763
GGGTAC	4757
GAAGGA	4753
TGGCCC	4747
CTGGAA	4744
GAGCAT	4727
TACAGC	4726
GGCTTT	4721
GTTTCA	4719
CCTTCA	4717
TACAAT	4705
CAGTTG	4700
GTCCTG	4695
GTTCAC	4685
GTCCCC	4683
CCTCCT	4662
TCACAT	4661
CTGTTA	4661
GAATAT	4659
AACATA	4657
TCCCTG	4655
CTGAAT	4645
CCCGAC	4644
GTGTGC	4629
CTTGAA	4629
GCCTTC	4619
CGCCAA	4617
CTCAAG	4615
GTATAG	4615
GGACGA	4614
TCCCAC	4612
GGGGAA	4600
GCCACT	4592
CCTTTA	4589
AGACAG	4588
CTCTAC	4586
GCCTGA	4580
GGAGAG	4573
GTGAAG	4572
TACATT	4568
TCCCAT	4565
GAATGT	4562
TGTAAC	4562
TGCAGG	4558
GGCTGC	4551
ATGCCA	4548
GCACAG	4548
CTATGT	4536
GCTGAC	4535
CCCGAG	4533
CGATAA	4506
GATTGA	4498
GATATA	4491
AACAAT	4486
CAGAGC	4486
CTCAAC	4474
GGGTAT	4472
GACCGA	4470
GGAATA	4469
GCACTA	4468
TCCACC	4468
GTCCGA	4462
GATGTT	4459
ATGCTT	4453
GAGCAA	4451
GCAGTG	4447
GTACTC	4444
GCCAGT	4433
CTATAT	4430
CTGAGT	4427
CAGGGT	4426
GGGGAC	4423
CGGCAA	4419
TCATAT	4416
CTGACT	4415
TGCCTT	4412
TCCCTC	4402
CTTCAA	4402
GTGAAC	4399
AACCCA	4396
AAAACA	4396
GCAGCA	4392
CTTACA	4391
CATAGC	4388
GACTGC	4386
GGAAGA	4384
GTTTGG	4383
GATTCA	4382
ACCTGT	4380
TGTGGC	4373
GGGATG	4368
TGTGGT	4363
AACACC	4363
CCAAGC	4354
GGAGGT	4349
AAACAT	4347
CGATGT	4335
GTATTG	4329
GAGGAA	4326
CATCTT	4322
GACTGG	4313
ACACCT	4311
CAGAGT	4301
CGATAT	4299
TAACAT	4299
TACCAG	4281
GGAAGC	4281
GGAGCA	4275
GGCTGG	4271
GCTTGT	4260
TGAATG	4258
GGCACC	4256
GGACGG	4245
CGGGGG	4240
ATACAT	4237
TCACTA	4224
ATACAA	4224
CGACCA	4218
CGTAAA	4217
CTATTG	4217
CCTATA	4212
CCTCAG	4204
CAGTAG	4198
GATAAC	4190
TGATTG	4186
GGTCTC	4181
CAGAAG	4172
GGTATC	4171
CTTCAC	4171
CATAGA	4164
TGCTGG	4162
GCACGA	4158
GCCTAG	4154
GGTAAC	4141
GCCCTC	4139
CGATAC	4129
CTCAGT	4125
CAGTTT	4125
CTCCTA	4122
CTACTT	4121
GCTTGC	4118
GATGTC	4117
TCCAAC	4105
CATCGC	4097
CTCATA	4095
TGCTCT	4094
CTCACT	4088
GTGGAC	4084
CGATGA	4084
GAACTC	4076
GATCCC	4075
CCTGGG	4074
ATGACA	4064
CACGAG	4061
TGTTGG	4060
CTCCTG	4059
CCCTCG	4056
CTTCAT	4055
CCGGTA	4054
CCGTAG	4051
CGTTGT	4048
GAAGTA	4039
ACACTC	4032
GGTCGA	4031
CGTGTC	4026
CCACGT	4025
GGTCGG	4018
AACAAG	4015
GATTAC	4010
CTAGGA	4009
GCACCT	4009
GTCTTG	4008
TACTGT	4006
GTGGCA	3994
CTCCCA	3994
GGATTA	3993
GAATAA	3992
CCACGG	3989
GGCTTC	3987
CTTGTA	3986
CAGGAG	3961
GCAATC	3959
AACACT	3955
GCCAGG	3954
GTGGAG	3954
GGTTGC	3953
GACTTC	3952
ACACTA	3950
TGTAGT	3950
GGAAAT	3948
GCCAGC	3947
TGCAGC	3946
GAGGAG	3945
CATCGA	3942
CTACTC	3942
TACCTA	3928
CCCGTC	3927
CTGAAG	3924
CTGGGG	3921
GCTGTT	3919
TATGAA	3919
CTAGTG	3918
TCCACT	3917
GCATTC	3909
GTTCTG	3905
GTCTGG	3905
GCTATG	3903
GTCCGC	3901
TGTCTC	3898
GTCTTT	3888
GTTTTA	3887
CATGCG	3886
CAGGAT	3883
GTTCAG	3881
GTAAAA	3877
GAAAGC	3871
GATAAA	3866
TGTAGA	3860
ACCAGT	3860
CGCCAC	3855
GCCTCG	3851
GACCGC	3851
AGTCAC	3848
TCTCTC	3846
CTCCCT	3845
CTCTAT	3845
TACTCC	3844
GTGGTC	3840
GGCGGA	3838
CGTCGT	3837
CTGCCG	3835
CTAGCA	3834
GTTATA	3831
GAGGGG	3830
CGTCCC	3826
TGATGG	3819
GTGTTC	3815
TATGTA	3803
CCTATT	3799
GCTTGA	3790
GGGATA	3788
AGCATA	3786
GTAGAC	3781
GGGTGA	3779
GAAGTT	3779
CTGGAG	3778
CTCTCA	3774
CGCTAT	3767
CCGGTG	3762
GTGGAT	3761
ACTGCA	3761
GGCCGA	3756
CTCACG	3756
CAGTTA	3751
TGCCTC	3750
GAGGTG	3749
CAGTTC	3749
TACTAC	3744
GGCAGC	3741
CTATGG	3732
CTTGGT	3727
CCAGCC	3727
TCCAGG	3725
TACAAG	3722
GATTGC	3719
CGCATT	3718
AACGAA	3707
CTCAAT	3704
GTGATT	3703
CGTTAC	3699
CGTCAG	3697
CGCACG	3688
TGTATC	3687
TGTTTC	3680
GTTAAC	3676
GGCAGT	3675
AGACAC	3667
CCTTCC	3664
GGTGGC	3662
GAGCAG	3660
GTCAGG	3660
GTAGAA	3658
AATGCA	3652
GGTGCT	3650
CGATCA	3649
ACATTG	3644
ATACCC	3640
TGCCGA	3639
TGTTAT	3636
GGAGTG	3635
ATGACC	3632
CGTCCG	3630
ACCTAT	3623
TGGCAT	3623
CGCCCC	3622
CCTTTC	3621
GTGAAT	3615
CCACGC	3604
GAAACT	3601
CATTAG	3600
CCTCCG	3596
TCCAAT	3588
ATGGCA	3584
CCTCTC	3581
TGTCGA	3581
CAGATT	3564
TCCGTC	3563
CGGAAA	3561
GTTGCC	3557
CAGCGT	3555
GTAGGG	3549
TGAAGA	3543
CTCTGG	3537
GTTCTT	3537
GTAAAG	3536
GGCCGT	3535
GTTTAT	3531
CCAGCT	3530
GAGCAC	3529
CTCAGG	3526
TGAGCA	3526
GTTCCA	3525
TGTCCC	3520
TAACGA	3513
GCTGTC	3512
GCAGGA	3503
AGTGAC	3501
CGTTGA	3499
TCACCT	3499
CGTACC	3485
AAATGC	3482
CTTTAA	3476
CGGTGA	3475
GAGGTC	3472
GCTTCA	3464
GGAAGG	3459
TGTTAG	3456
CGCATC	3456
CATAGG	3454
TGTGCT	3453
GGCGAT	3452
TCAATA	3443
GACACG	3441
TATGGA	3437
CCGATA	3436
GTAATA	3435
GTAGTT	3435
TGAGAC	3428
TAGCAA	3428
GAAGTC	3424
GGTTCT	3423
GCACTC	3422
CGCAAT	3403
AACAGT	3402
CTTACC	3399
GCTTAT	3398
GGGCAG	3392
CTCTTG	3392
GCTTCC	3390
TACTTG	3388
GCTTTA	3386
GATATT	3385
GCACCC	3379
ACTACA	3378
GTCGTT	3376
CCGTCA	3372
TGTTTT	3366
GCATCT	3361
CGACGA	3359
TATTGC	3353
CCTTAT	3353
GGTATT	3351
ACTGTA	3351
AAAGCA	3348
ACCCGA	3346
GTGGGT	3341
GAAGGG	3339
ACCTCA	3337
TGTCGT	3337
TGTGCC	3336
GTAGAG	3333
CTTTCA	3332
GCAACT	3330
TCCAGT	3328
GTTGCT	3324
AGCAAC	3315
TGATTT	3313
CACGCT	3312
GTAGTC	3309
GTTGAG	3304
TCTGTA	3298
GGATAG	3296
CGTTCA	3292
GCAAGC	3288
CTTCCA	3288
GAATAG	3280
TGATAG	3279
TGTCCT	3276
TGAATA	3274
TAACAG	3274
ACAACC	3272
GTACGC	3271
GGAATC	3263
CCGTAC	3261
TGTGAG	3260
TGAAAT	3260
AAGCAT	3260
CGCTTT	3248
CCAACG	3247
GAATTT	3246
TCACCC	3245
GGCGTT	3244
TACCTT	3236
AGCAGT	3226
CTACGT	3225
ACCTTT	3223
GAGGCC	3217
TCTGCA	3217
CCGTGC	3211
CGACTG	3210
TGTCTT	3207
CCCGCA	3206
CGTGCG	3204
TCATGT	3202
CGCACT	3201
CTATAA	3200
GTGACG	3199
GTCGTG	3199
CTCATT	3198
TCCAGA	3196
TAAAAC	3194
GTTGCG	3194
TCATAA	3191
TGTACT	3191
GTCCCG	3190
CTGACG	3187
ATGTGC	3184
ACCGGA	3182
GTCCGG	3175
ACTGAA	3166
GTTACC	3161
GATGGG	3159
GTATTA	3158
ACAGAA	3158
GCTGGT	3158
CGCTGT	3155
CCGCTA	3153
GCTTTC	3149
CGGGTA	3148
GCAATT	3148
GGGTAG	3143
TGTAGC	3143
ACCCGT	3141
TCCCTT	3138
CATCCG	3137
GATACC	3135
ACCAGC	3131
CCTAGA	3130
TGCTCC	3130
GGATCT	3127
GCCTCC	3122
GCACGT	3118
TGGTCA	3116
AACCAG	3108
CGCTAC	3106
ATATCA	3105
GATTTT	3099
CTTGAG	3097
TGAGTG	3096
GTCACG	3095
AGCATT	3090
GCGTAT	3089
GACGCA	3089
ACGTCA	3083
CTAAAC	3081
TGGAAA	3079
GCCCGA	3065
GATAAT	3063
GTTAAA	3062
GGTTCC	3056
CGCTCA	3052
CGCCAG	3051
ACCTTC	3041
GGCGTC	3040
CTAGTC	3039
GTGGCC	3036
CGTGCC	3034
GGTAAT	3034
TGTTCC	3034
TGGTAC	3025
CATAAG	3025
CTATCT	3024
TGTATT	3020
GAGCTT	3018
AACAGG	3017
GATCTG	3013
TATTGA	3011
TCACTT	3010
TGAAGG	3003
TACCCT	3003
AGGTCA	3001
CGAGAA	3000
ACCTGG	2998
CTAGAC	2995
ACCTCT	2994
GAATTA	2986
CGACCG	2985
TCCCAG	2984
TGTGGG	2981
TCATTG	2975
GTGCGG	2975
GTCGCA	2973
GTCTTA	2972
CTAGGG	2968
ACCTTA	2965
GAAGGT	2964
AGACCA	2964
TATGGT	2960
GATGCC	2952
GATTTA	2948
CTACGC	2947
CCGTCT	2945
GTGAGG	2939
ATATGC	2936
CAGCGG	2935
TGACTC	2932
CTCGAA	2932
AGTGGT	2931
AAAAAC	2930
AGTCCA	2929
CAGCGC	2928
GGCGGT	2927
ACGCAA	2926
GCAGTC	2924
ATCACC	2922
AAAACC	2921
GGATTC	2920
AACTAC	2917
GACGTG	2915
TCCGTG	2911
GATTGG	2910
GTTAGG	2909
CTTGCT	2905
GTTTAG	2899
AGGGGG	2898
CGTGGA	2895
GTTTTT	2895
CGACGG	2887
GAAGAG	2886
TGGCAG	2883
GCCCGT	2878
AGTGTG	2878
GAGGTA	2877
CGCCGT	2876
TCCTTG	2873
CTCAGC	2872
CGAATA	2871
GTACGG	2870
TATGAT	2870
TATGGC	2870
ATACTG	2866
ACAGTC	2864
AAGAAC	2862
AACAGC	2862
CCGTTA	2861
TACGAT	2859
CGAAAC	2858
ATCCCA	2857
TCCTCA	2855
GAAGGC	2855
ACCGAA	2855
AAACCC	2855
ACCCGG	2853
CTAGCT	2852
TAATCA	2848
TGTAAG	2848
GTCGAT	2847
ATGTCA	2847
AAATCA	2847
ACTGTG	2842
GCTGAG	2841
TCCCTA	2841
CTCCTT	2839
TACCGA	2837
CTTCCT	2837
GTACCG	2832
GTTCTA	2831
TGGTAA	2827
CTTTAT	2825
GCCCCG	2821
GATTTC	2821
GATTAA	2819
TATACC	2818
CGAAAT	2814
GCTGCT	2813
CCTTCG	2805
ATCAGG	2799
AGGCAA	2799
TATTGT	2792
TGGGCC	2788
GACTAG	2787
GTTTTC	2784
TCTGAA	2781
GTGGGC	2775
TCTGAT	2761
GAGCCC	2759
GTAGGC	2759
GAGAAG	2756
TGAGAG	2754
CCTCGC	2752
GCTTTT	2749
CTAGAT	2744
CGGCGG	2744
AAAGGC	2742
GATCTA	2740
GCCACG	2737
GTATTT	2735
TCAATC	2735
AACTTG	2732
CGGTAA	2732
AGACTG	2732
ACACGT	2730
TGACGC	2730
TTGCAT	2728
GAGAAC	2721
CTGTCG	2714
GGAACT	2711
CCGTTG	2711
TGCGAT	2711
TCATCC	2708
GATTAT	2706
AGTGTA	2701
CTAACT	2693
TGGATA	2691
TCCTTT	2691
TATGTG	2691
GATGGC	2691
GGAGTC	2689
CGAATC	2684
TTACAC	2683
ACAACT	2680
TCTGTG	2679
TCAGCA	2677
CTCTTC	2674
CGCTTC	2673
CGTATC	2672
GACCCG	2668
TCACTC	2667
AAGGGC	2663
TCAGTG	2663
CCTCGA	2660
GGGTTT	2659
TACGAA	2659
GAGGGT	2658
TCATTA	2658
GCCGAG	2656
CGGCAC	2656
GAGTGT	2655
GGCTCC	2654
TGCGTT	2644
ATGTGA	2636
CTAGGT	2635
AATCAA	2635
GGGTTC	2635
TATAGC	2634
AGCTTG	2633
TCAGAA	2627
GCCCGG	2626
GGCACT	2626
GGGAAC	2622
AGTCAG	2621
TAACTT	2616
AAGCAG	2612
CGCCCA	2606
CGTTTC	2605
CTTCCC	2603
CGACCT	2601
TAATGT	2595
CTCGTA	2594
TACGTA	2593
CCTTAG	2590
CGATAG	2585
GCTATT	2583
GCTACT	2578
ACAAAT	2578
TGAGAT	2578
AGCCTA	2576
AGCTAC	2575
ACTCCA	2572
CTAAAT	2571
TGGAGG	2569
AACCTG	2565
ACCGAC	2565
TGGCTG	2563
GGACCG	2554
AAAGGA	2553
AAGGAC	2549
CGAGTA	2548
AGTGGA	2548
TCTACA	2547
CGGACG	2546
CGCCTT	2534
TACTAA	2530
CGTTTT	2530
CGGTAT	2530
CGATTG	2529
CGACCC	2528
CGAAGT	2522
CTTCTC	2521
ACTGAT	2519
AGGCAG	2518
TATGTT	2514
TATGCC	2512
GAGTTG	2511
TATCTG	2511
ATGCGT	2507
CGAAGG	2506
TGGAAC	2505
ATGATA	2503
TACTTT	2503
TGCGAA	2503
GATTCC	2501
TTGCAA	2500
CTAGAA	2499
CCGGGA	2498
AGGCCA	2495
TGAGGG	2487
TGAGTA	2484
GTCGGT	2484
TGAAGT	2473
CTCGAG	2472
TAACTG	2471
AAGGGG	2466
TCACGT	2465
TCAGTA	2458
ACTTGG	2456
GAACGC	2451
CGGGAC	2450
GTCGGG	2450
ATTGCA	2449
ACACGC	2447
CTATTC	2444
CATCGG	2437
TCCCGA	2436
AAAGAC	2432
ATTGTG	2431
TTACAT	2424
TCCTAT	2423
TGTCGC	2423
ATGGCC	2422
ATAACA	2421
ACTCAC	2417
TATCCA	2412
ACATTA	2410
GCTATC	2410
CGGAAC	2409
CGAATG	2407
CGTATT	2405
ATGTAT	2404
CGACGT	2404
CCTCGT	2402
ATGGAG	2402
CGATTA	2395
ACGACA	2395
TGACGG	2392
CCGCCG	2392
CGATTC	2389
GAGGGC	2387
CGGAAG	2387
CGTGGG	2386
GAAGCC	2385
CCGCTC	2376
TATATA	2370
CGCTGG	2369
CGAAAG	2359
TATCGA	2356
GCTAAT	2353
GATTCG	2350
TGAGTT	2348
GATGCG	2346
AGCGAC	2346
AGGACA	2345
ACTGCT	2340
GGGATT	2332
AGTCCC	2331
CGCTGC	2331
CGAGTT	2330
CTAATA	2329
AGCTTC	2324
CCTAGT	2320
GCGATA	2318
TGGGTG	2317
GGGACT	2317
TCAGGT	2314
TCAACT	2310
TGGATG	2308
GGAGCC	2308
ATAACC	2304
TAATGG	2301
ATACGC	2299
GACGGT	2298
TGGTGG	2297
TACGTC	2295
ATCTGC	2293
TCCGAA	2291
AGGGCT	2289
TATATG	2284
GAGTAC	2283
GGCCGG	2279
AATGCT	2277
AGTGTT	2276
GTAGCT	2274
ACAGGT	2274
ACAATC	2273
GGGAAT	2271
ATGGAA	2270
GCTTAG	2266
CCGACT	2266
CGCTCT	2263
CGCACC	2257
GCGAAA	2257
TCACCG	2256
ATCCAG	2256
TCAGTC	2255
GAGCTC	2254
AAATGT	2253
GCTCTC	2253
ATCACT	2252
CGCGAA	2246
TGGTTG	2244
GCTGCC	2240
GAGTTA	2239
CTCGAT	2237
AAAGAA	2235
CGAGCA	2234
AGAGAC	2226
GTTACT	2226
TGGCCT	2224
CCGTTC	2223
GGTAGT	2218
AGAGGA	2218
GGCTCG	2216
CGTAGT	2214
TCTGTT	2213
GCTAGA	2213
GGTAGC	2212
CTTGGG	2211
AAGGAA	2209
CTTGCG	2203
TGGGAT	2203
TAAAGC	2202
AATACA	2200
AGTCTG	2200
GGGTCT	2197
AAAGGT	2196
TCTGGT	2195
CGAGAG	2194
GCGTGT	2193
CTCTTT	2192
TGTACG	2189
GTAACG	2188
GCTGGG	2185
TGATCT	2185
TAAAGG	2184
CCGATC	2181
ACCTAG	2180
TCAGGA	2174
CGTAAG	2170
CTCGGA	2167
GTCGAG	2166
CGGCCA	2165
GTTATT	2163
ACGAAC	2162
TCAAGT	2161
TTGACA	2161
GTCGCT	2158
CGTCCT	2156
GAGTCA	2156
CTTTAG	2153
ACTTGA	2151
AGCAGC	2151
CGTTGG	2147
AAAGTG	2146
CTGGCG	2142
CGATCT	2141
GCGAAG	2140
TGGCTA	2139
AGTTGC	2137
GCACGC	2135
CTAAGG	2132
AGCCTG	2130
CTCTTA	2124
TGGAAG	2124
AGAACA	2121
GATCTC	2118
TCTTGA	2118
ACCGAG	2118
GAGATT	2116
GTTCTC	2115
ATTCAA	2110
TGGAAT	2106
TATTCA	2106
TGAATT	2103
ATATAT	2100
GAGATC	2096
AAAGTC	2096
TAGCCC	2095
AGCTGG	2090
AATGCC	2089
TGTTCG	2087
ACCGAT	2087
CTAAGC	2086
TAGGGT	2085
TGCGAC	2083
ACCTCG	2080
ATACCT	2080
AACTTC	2077
TGAGGT	2077
CGCTAG	2074
AGTCGA	2070
CGCCCT	2070
ATGGGG	2066
CACGCG	2066
TGGACT	2065
ATCTAC	2062
ACGTAA	2061
ATCCGA	2060
ACTCAG	2059
TATTGG	2059
TAAAGA	2058
TAGCAG	2056
TCACGA	2055
GAGTGG	2054
CGGATT	2054
ACATCT	2052
GAGGTT	2052
TCCGTT	2052
ATCAGC	2051
AATGTA	2049
TGTGCG	2048
TTACCC	2046
GTTTCT	2045
TAGGTC	2044
GAGAAT	2044
TATTTG	2042
AGCACC	2035
TTGATA	2033
CAGCCG	2033
GTCGGC	2033
CGTTCT	2031
ATCCTG	2029
CGAACT	2029
TAGCTG	2027
AGTGCC	2026
TTGCTT	2023
GTTAGC	2022
ATTGAC	2020
GGAGCT	2018
TAACTA	2018
AAAAAG	2017
TAGCGA	2017
AATCAT	2015
GGCGGC	2014
TGGTGC	2012
CCGGAG	2011
CTTTTA	2011
AGCTTT	2005
TAGTGA	2003
TAACGT	2001
CTTAGA	1995
CGGGAA	1994
CTCCCG	1994
TAAATA	1993
ATGTCC	1990
TGCCGC	1990
GCAACG	1987
TTGTGT	1986
ACTTTG	1983
GTCTCG	1983
ATCATT	1983
ATCAGT	1981
TTACCA	1980
AAACTC	1979
AAATAA	1977
TGATCG	1974
TGGCTT	1969
ACGAAA	1969
GGGAGT	1965
AGACCC	1964
TAGGAG	1958
AAACTT	1957
TAACGC	1957
TAAAAT	1956
CTTCGT	1951
CTTAAA	1950
CTTCTT	1948
TGGATC	1948
TAGCTC	1948
CGTTAG	1942
AGACCT	1942
TACCGC	1941
TGGGCT	1941
TAGGAA	1940
CGTACG	1940
TCTCAT	1939
CGACTC	1936
CGGTGG	1933
TGGTTT	1933
GATTAG	1930
AAACCT	1930
CTTAGT	1930
GCTAGG	1928
CTCGGG	1928
AGCTGC	1927
AGCGAG	1922
TGCGTC	1920
TTCATA	1920
AAGGCC	1918
AACTCC	1910
ACAGTT	1910
TAGGCC	1910
TAATAA	1908
GATCCG	1906
AGCACT	1901
TGGTTC	1899
AAAATA	1893
AGATGC	1892
TTGCTG	1892
GCTAGT	1890
TAAGAA	1889
GTTAAG	1886
AGACGA	1886
CTATTA	1886
GGATCG	1884
TATAAA	1883
GATAAG	1880
AAATAT	1871
TGGGAG	1870
GCTAAG	1865
ATCCTC	1860
TGGAGT	1859
AGGCCC	1858
CTTTCT	1853
ATGGGA	1853
CTAATC	1850
GCAGGC	1850
GAGTGC	1849
CGGCAG	1848
CTTTTT	1847
AGGCTG	1846
AGCCGA	1844
ACGGAA	1844
TTCAAC	1844
GCTCCC	1842
AAATCC	1842
TGAGTC	1840
TGGTAG	1839
GATAGC	1837
TTGCCC	1836
TTGAAA	1835
TAAGGA	1831
ATCTCC	1831
CCGGGC	1823
AGTAAC	1818
CGGATA	1818
AAGGGA	1817
CTAAGA	1816
TAGGTG	1815
TAGGTA	1808
TCCACG	1806
GAGACT	1803
ATCTCA	1801
GTTCCC	1801
TGCGAG	1798
CCTGCG	1797
AAGAAA	1797
TTGTAC	1797
AAAACT	1795
AGAAAC	1793
TGGGTT	1792
ATGACT	1792
ACTCGA	1792
TAAAGT	1789
ATACTC	1786
GTGTCG	1784
TTCATG	1783
ATGGGC	1781
TAGACC	1780
ACGTGA	1779
TACGCC	1779
ACTTGT	1778
CTCTCG	1777
TCGAAA	1775
CGAATT	1770
CGTAGC	1770
TATCTA	1767
AGAGAA	1763
AGATGA	1763
ATAACG	1763
CGGACT	1761
ACGATA	1761
CCGTCG	1761
TAAACG	1759
CTAATT	1759
ATACGA	1758
TATTCC	1756
ATATGT	1753
TAAGTA	1752
GCTAGC	1744
ATGAAT	1744
ACTTCC	1741
TGCGGT	1740
TGGCTC	1740
AGATCA	1737
GTTTCG	1736
AACGGC	1733
CGCGAC	1733
ACGGTA	1733
AGCCTC	1732
TAGCTT	1731
ACTTCA	1731
AGGGAG	1728
ATATGG	1728
CGTCGG	1728
TTTGAA	1725
AAGCCC	1725
ATCTGT	1724
AGACGT	1723
ATGAGA	1723
AATGGA	1723
GCGTGA	1721
TTGATG	1717
ATATAA	1716
AGACTA	1715
CGGGGT	1714
AGAGGG	1712
AAAAGC	1712
TAGATG	1712
CTCCGC	1711
ATCCCT	1709
ACCGTC	1709
AAAGCC	1708
CGGTTG	1708
CTTCGG	1707
GTTCGC	1704
ATAATG	1704
TATTTA	1701
CTCCGG	1698
ATGAAG	1698
TCTGCC	1697
AGCTAG	1696
TCAAGC	1695
GCCGCC	1693
TGGCGG	1692
TCTTAC	1688
GCACCG	1688
ATATCT	1687
TTGTTA	1684
CCTACG	1682
ACAATT	1680
GATACG	1680
CGCCGC	1679
GAGTTT	1679
AGAAAA	1679
AAGGTG	1677
GATAGG	1675
ACCGCT	1674
ATAAAC	1672
GCGTTA	1671
GGCGCT	1669
TAAGTG	1666
ATGCGG	1661
CGGCGT	1659
GCCCGC	1657
ATCACG	1656
ATAGAC	1655
AAGTCA	1651
ATTGAA	1650
AAAAAT	1648
TTGCAG	1648
AGGCCT	1645
TACTCG	1644
AGTGCT	1642
GCTCCT	1639
CGGATG	1639
TTGCTA	1639
AGAGTG	1638
TAGATA	1636
CGCTCG	1635
TAAGAC	1634
ATACGT	1630
CGGGCT	1628
TAGAAC	1628
AATCCA	1626
GTAGCG	1623
TAGAAA	1623
AACCGT	1621
TTCACC	1619
GAGGCT	1619
TCTTTG	1617
CGGCTT	1616
TTTGCA	1616
ATATAG	1611
ATCCTA	1611
TTCCAA	1609
TCTAAA	1604
TCACGC	1604
ATCGTG	1602
CGGAAT	1602
AGGATG	1601
AATGGT	1601
CGGATC	1599
ATCGTC	1598
CCCGCG	1598
TCAGTT	1595
GTTCGG	1595
TTCCAC	1593
ATCGAT	1593
TTACTG	1593
GAGTTC	1592
TGCGCC	1590
AGGAAA	1589
GCAGCC	1588
ATTGAT	1587
CTAACG	1585
ACGCAG	1584
GGCGCC	1583
ATCCTT	1582
AAAGAT	1581
TTGGTA	1581
TTCATT	1571
CCGGCC	1571
CTAGCG	1569
ATTCAT	1569
TGGTCT	1569
AGTACC	1568
GCGTCA	1568
ATGATT	1568
ACCGGG	1566
TCTGGA	1564
ATTGCT	1563
TCTATC	1561
AACCGC	1560
TCTATG	1559
AGCTCT	1559
CGTCGC	1556
TAAGGC	1554
ACGGGA	1552
GCGAAT	1551
CGGTTT	1550
AACGCC	1550
GGAACG	1549
ATTGCC	1548
GAGTAG	1548
ATTGTT	1547
GCCGCT	1547
GTTACG	1546
ATGGAT	1545
GAAGCG	1545
AGATGG	1542
TTATAC	1535
CCGCGC	1526
TCTCCC	1526
CGGTAG	1525
AGATAT	1524
ATGATC	1521
CGGGAG	1520
TATTAA	1519
CGTTCG	1516
GTCGCG	1515
AAATTG	1513
TGGCGT	1509
AAAAGT	1500
CGGTTA	1496
GCGGAA	1496
TCCGAT	1493
TAACCG	1492
ATTTCA	1489
AGAATG	1485
TTAACA	1484
ATTACA	1483
ATTTGA	1483
TAGTCA	1481
TATTTT	1479
AGGGAA	1466
TTTCAA	1462
GCGTAC	1456
ATGTCT	1456
TTCCTG	1453
ATCCGC	1451
TATCCT	1449
TTTACA	1448
AGTCCT	1447
CGAACG	1441
AAATCT	1441
TATAGA	1438
ATCGAC	1434
TCCGCA	1434
TCTACC	1432
TCTATA	1431
AGAGGT	1431
AGATTG	1429
GCGGTC	1428
TTACCT	1428
AGGAAC	1425
AGGCGA	1425
ACTACC	1423
TCGTAA	1422
AAGTGC	1419
AAATAG	1419
AAGGAT	1416
GCTCGC	1413
AACTAT	1409
AGGTAC	1400
TATGCG	1397
ATCTCG	1396
ACTACT	1395
ATAGCC	1391
AGGACC	1390
TTGACT	1389
GCGTTT	1388
AGAGAT	1387
ATAGGC	1385
AACCCG	1380
TCTTTA	1379
AATTCA	1376
ATTTAC	1373
ATTGGT	1370
AGGAAG	1369
AATTGC	1369
CGGCCT	1368
TTGTCT	1366
TCAGGG	1363
CTTTCG	1361
AACTCG	1361
GCCGGG	1360
ATTTGG	1358
TAGCCT	1357
AAGAGC	1356
TTGTCA	1354
TCCGCC	1352
TATCTT	1350
TAAGAG	1350
TGCGCT	1347
AAGTAC	1346
AATAAA	1344
TCCTCG	1344
ACTATA	1341
TAGAGG	1341
AGGGAT	1340
TCCGAG	1339
CGGAGT	1338
ATACTT	1335
TTGGAA	1335
ATCTGG	1335
CGGCTG	1334
ATGGCT	1332
AATTAC	1330
ATTTGT	1320
TATAGT	1316
AAGTCC	1315
TTTACC	1314
TTCACT	1313
TCAGCC	1312
GCTTCG	1309
AATTTG	1307
ATGGGT	1305
AAGGGT	1304
TTGGTG	1301
CGGAGC	1299
AATCGA	1292
ATCGAG	1292
TCCGGA	1292
ATATTC	1291
TCTGAG	1290
TAGTCC	1289
ACTAAA	1287
TAGATC	1287
ATAGGG	1286
AGCGGT	1285
CGAGCT	1281
AATCCC	1281
AGTATA	1281
AACTAG	1279
ATGGCG	1277
TTGTTT	1271
TATAGG	1269
TCTCTA	1267
ACGTGC	1267
AGACTC	1266
TTACTA	1266
CGGCTC	1266
AGTCTC	1265
GCGAGT	1264
GCTGCG	1260
ATGAGG	1257
AAGGCT	1256
AGGTAG	1255
ATCTAT	1254
AGAAAG	1248
GCGTGC	1247
ACGGCA	1245
TTCAGA	1243
CGCCGG	1243
AAATTT	1243
TCATCG	1243
GAGCGG	1242
TCTTAA	1241
TATATT	1241
AGAGCT	1241
AGTACT	1240
ACTTTA	1240
TTGTCC	1239
AGTCGT	1237
AGAAGC	1235
ACGAAT	1233
TCAGGC	1233
TTGCTC	1229
ATATCG	1227
AAATTA	1227
TTTGGT	1227
AGAATA	1227
AATCTG	1226
ATCCGG	1225
TAGTGC	1225
TTACTC	1224
ATTGGG	1221
AGACCG	1221
AGATAG	1220
TGGTCG	1217
AGCACG	1216
ATCTTC	1215
ATCGGA	1213
TAGACT	1211
ACGTAT	1209
ATAGAG	1207
GCTACG	1206
AAGTAA	1203
TAGTTG	1198
TTGAAG	1196
TATACG	1193
TGAGCG	1191
AGCGGG	1189
TAGTGG	1186
ACGTTT	1185
AGTCGC	1184
ATAAAG	1174
GAGTCC	1174
TAAATT	1173
AGATCC	1171
ACTTAG	1168
TTTTAC	1167
TATTAG	1164
AAAATT	1157
TAATAG	1157
ATCTCT	1153
TTGTGG	1152
ATAATC	1151
ATTACC	1147
TTTTGT	1146
AGCTCC	1143
ATAACT	1141
TTGTTC	1141
AAGCCT	1140
TTATAT	1139
AGATCG	1137
TCTTTC	1134
CGAGCG	1132
TTAGGG	1130
AGAGCC	1129
ACGGTG	1125
AGACGC	1125
CGGCCG	1124
TTAAAC	1123
AATTGT	1122
TTCCTC	1117
GCGGTT	1108
TCGTGT	1107
ACGAAG	1107
TGGACG	1107
ATAGCT	1101
ATAAGC	1097
TTAGTG	1096
AATCGC	1094
TCTAGA	1091
TTATTG	1086
AAGTGG	1082
GCGGGA	1081
TTCTCA	1080
AAGCGT	1078
AAGCGC	1077
AGAATC	1077
AGGAGA	1077
ACGTTA	1075
TTCCCC	1074
GACGCG	1071
AGAAAT	1068
TCTAGC	1064
TTGGCA	1064
CCGGCT	1063
TAGAGT	1060
AAGTAG	1056
TGCGGC	1055
ATAGGT	1054
TTACTT	1054
ACTTTC	1043
TAGGTT	1043
AGCGGC	1042
TTGGAT	1039
ATTCGA	1038
CCGGCG	1038
TCCGCT	1032
ATCGCT	1032
ACGGAT	1028
TCTAGT	1026
GCGCAC	1024
AGGCTT	1022
AGCCGC	1022
GCGTTC	1019
GCGGGG	1019
TTTGAG	1018
AGCTCG	1006
AGGATA	1005
TAGCGT	1002
ATGAGT	1001
GAGCCG	1000
GCGGGT	1000
AGAAGT	996
ATTTCC	994
CGCGCT	994
AGAGTT	993
ATCGGT	987
AGGCGG	984
TATCCG	984
AGAACG	983
AGTAAT	983
ATAGAT	983
AGTGCG	979
ATTCGT	979
GCCGCG	977
ACGTCC	976
ATATTT	975
TTCCCA	975
ACGCTC	974
TATAAG	974
ATCTTT	971
TAGCGG	965
AGTTCC	963
TAGAAG	963
TTGGAG	957
TTCGAT	957
TAGCGC	956
TTAGAC	956
ATTATA	955
GCGTAG	954
ATTAAC	953
ACGAGT	951
ACTAAG	942
ACGGAG	941
TTGACG	941
ATCGGC	938
AGTATT	938
ATTTTC	934
AATTCC	930
TTATCT	927
ACGACT	926
GCGGCA	924
AACGCG	924
TATTCG	923
ATCGGG	922
ATTCTA	921
ACTACG	913
TTAGCA	911
TTTGCT	907
ACTTAT	907
AATTTA	905
ATTTTA	905
AAGTTC	904
TTAATG	903
TTACCG	900
ATAAAT	893
AGTTTT	892
TTAAAA	891
GCTCCG	890
AGGAGC	890
TTTTAA	889
TTCAGG	884
AGATTC	881
AATTGG	881
TTCCTA	880
ACTAGT	880
TTGGGG	878
TTTCTG	877
ACTTCG	876
ACGGGG	874
TTTTTG	864
TTGGCC	863
AGGACT	863
AGGTTA	862
TCGAGA	861
GCGCGT	860
TTCTCC	858
AGGAAT	857
TTTCAG	856
AAGAAT	852
ACGTTC	852
ATTCGC	852
ACGCCT	849
ACGCGT	848
ACGCGA	845
AGTTTC	845
ACGTCT	843
AAGAGT	841
TTCGTG	840
AAGTTT	839
ATTTAT	838
ATCTTA	837
TTCACG	836
GCGGAG	834
AATTAT	832
AATCCT	827
TCGTGA	826
TTTATA	824
TTGGGT	824
AGTTCG	820
AGCCGG	819
ACGTGG	818
ATTTAG	818
AGAACT	814
TTAGAA	813
ACGGTT	809
AGATTT	804
TTTTCA	802
TTCGTT	801
TCGTTA	799
ACTAAT	798
AATAAT	791
TCGCTC	789
TAGTTA	788
TTTCCA	785
TTACGC	784
ACGGCC	781
TCTGCG	780
TAGCCG	776
TTATCG	775
ACGGGT	773
GCCGGC	771
ACGTAG	767
TTAATA	764
AAGATT	763
TAGGCG	762
TCGGTA	762
AGATTA	761
AGATCT	760
TTCGCT	759
TTCGAA	754
TTTTGG	754
AATTTT	749
TTGCCG	746
TAGTCG	745
TCTTAG	736
GCGTCT	733
TTCGTA	727
TTCGAC	722
TTCTTC	721
AATAGA	716
AAGTCT	712
ATAAGG	710
TTGGCT	695
AATTCT	693
ATTTTT	692
ATTTCT	689
TCGGTG	686
AGGCCG	685
TTAGGC	682
AATAGT	678
TCTACG	677
ATAATT	675
TTAGGT	673
ACGCCG	673
TTACGG	673
ACGCGC	669
ATTCTC	665
TTAGAT	662
ATTACT	662
TTTCCC	659
GCGCGA	658
TTATTT	658
ATTAGC	656
TTAGAG	650
ACGATC	649
TTAGCC	648
TTTAGA	647
ATCGCG	647
AGTTCT	643
AATTCG	637
ATTATT	635
ACGAGC	633
GAGTCG	633
TTTTTA	631
TTTTCC	630
TCGCAG	630
TTTGGG	628
TTAAGG	621
TTCTCT	616
TTAATT	613
TTTCCT	609
TTTCGA	607
ATTAGA	607
TTCGGA	602
TTTAGG	600
TTCTTT	597
TTGTCG	592
TTAACT	592
TTAATC	592
TTCGCA	592
TTTGCG	592
TCGTTG	590
ACGCGG	590
TTTCTA	583
AGGTCG	582
AGGATT	578
TTTACG	569
ATTAAG	567
AGAATT	565
TCCGCG	562
TCGGGT	561
TTTCGC	555
TCGTCC	554
TTAACG	551
TTTCTT	550
GCGGCT	547
TTAGTT	546
GCGTCG	543
ACGGCT	530
TCGTTC	527
TTGGCG	521
ACGTCG	515
GCGGGC	488
TCGGGG	481
TTTTTT	466
TTAGCG	454
ATTAGT	445
TCGTCG	445
TCGGCG	445
TCGACG	429
TTCGGC	416
TTTTCG	410
TCGCGT	410
TCGTGG	390
TTGCGG	390
TCGGCT	367
TCGTAG	366
TTCGCG	310
TCGCGC	286
CACANN	87
CCCTNN	82
GGGGNN	77
CCCCNN	76
NACCAA	74
GTACNN	71
ACCCNN	71
CATGNN	71
NACAAA	70
CTGCNN	66
GGTCAN	64
NACATG	64
NACATA	63
CCATNN	63
GTCANN	62
GGTCNN	61
NATGTA	61
CCCANN	61
CACTNN	61
CAAANN	61
CACCNN	60
CAATNN	60
NACAAC	59
CATANN	59
GACANN	57
CCACNN	57
CAACNN	57
NGGGGG	57
GTGTNN	56
ACCANN	56
CTACNN	55
GTATNN	54
NAACAA	54
GGTTNN	53
GTTGNN	52
NCAACA	52
ACATNN	51
GCATNN	50
TGCTNN	49
CAGTNN	49
CCTANN	49
NAACAC	49
CATCNN	49
TTTANN	49
NACCAT	48
GCCANN	48
GGACNN	48
GTGANN	48
NCCCAA	48
NAAACA	48
CCAANN	48
NCCAAA	48
TGCANN	47
TGTGNN	47
GCTGNN	47
ATGCNN	47
CTGGNN	46
NACCTT	46
NACCTG	46
NACATC	46
NCACAC	45
NACAAT	44
NCACAA	44
CATTNN	44
NACAGA	44
NACCAC	44
NCCCCA	44
NGTCAT	44
ACACNN	44
TTGANN	43
GGTGNN	43
CCTGNN	43
GATGNN	43
GCCTNN	43
NACACC	42
CAATAN	42
NAACAT	42
GGTANN	42
NGCATA	42
GCTCNN	42
CTGTNN	42
NCCATA	41
NTGACA	41
NTACAA	41
CAGCNN	41
TTTGNN	41
NCCCCT	41
TGCAAN	41
CAGGNN	41
CAAGNN	41
NCATAT	41
NCCACA	40
NTGCAT	40
TGTCNN	40
NCCAAC	40
GCACNN	40
GAACNN	40
GGCANN	40
NACCCC	40
NACCTA	40
CCCCCN	39
GGCCNN	39
GCCATN	39
NCCCTA	39
GAAANN	39
CCTCNN	39
CAAACN	39
CCCCTN	39
NCCATT	39
TGTTNN	39
NGCAAA	39
TACANN	39
NCCTGG	39
CCCCAN	39
GCCCNN	38
NACTGG	38
GTCCNN	38
NAGCAT	38
NACTAC	38
NATACA	38
CCCTCN	38
NCAAAA	38
CACACN	38
ATGTNN	38
GATANN	38
NTACAT	38
CTTTNN	38
CCGCNN	38
CCAGNN	38
NTGCAA	38
NGTGTG	38
GGGCNN	37
CAGANN	37
NCCCAT	37
GACCNN	37
NACTTG	37
CCATGN	37
GCTTNN	37
NTGTGA	37
NTGCTT	36
NAAAAC	36
NAACCC	36
NACAAG	36
NAGACA	36
GTAANN	36
NGCCAA	36
NACCAG	36
TGACNN	36
GGGGGN	36
CACCAN	35
GTGCNN	35
GTCTNN	35
CAACTN	35
NACTGT	35
NATCAT	35
NGTCAC	35
CAACAN	35
NCCCAC	35
NAATGC	35
NAATGT	35
CACGNN	35
NCACTG	34
NATCAA	34
NGTCAA	34
ACAANN	34
NTGACC	34
NATGCA	34
NTCATA	34
NACTGC	34
NAACAG	34
CCCGNN	34
CCCTGN	34
NGTCAG	33
CCGANN	33
CCCTTN	33
NATGGA	33
NCTGAT	33
CCCACN	33
NCAATA	33
CACAAN	33
GGAGNN	33
NACATT	33
NCCCTG	33
NACGAT	33
NCACTA	33
NCACCA	32
NTACAC	32
NCCATC	32
CAATGN	32
NATACC	32
CACATN	32
CCACAN	32
TCAANN	32
NTTGAC	32
NACAGT	32
NACACT	32
NGATCA	32
NCCAAT	32
NAAGCA	32
CTGANN	32
NATGAC	32
CTCANN	32
GGAANN	32
NATCAG	32
NCCTTG	32
NCCCTT	32
GGTGTN	31
NCATTG	31
NTGTCA	31
TATCNN	31
NTGAAA	31
NCCAGA	31
GCCCTN	31
GCAGNN	31
GTTCNN	31
NACCCT	31
NTAACA	31
GTTTNN	31
CTTCNN	31
GGGANN	31
NAATCA	31
NCATCA	31
GACTNN	31
GGCCAN	31
NATGAT	31
CCTTNN	31
CATGTN	30
NAGGGG	30
NAATGA	30
NCCAAG	30
CTTANN	30
CGACNN	30
NGTGAA	30
NGATAC	30
GTGGNN	30
NCATGT	30
NTGATG	30
GCCTAN	30
TGCATN	30
NGACAC	30
GTGCAN	30
NAATGG	30
GGGTNN	30
NAAGAC	30
NGGCAA	30
GGCTAN	30
NAAGAA	30
AACANN	30
NACGAA	30
GATCNN	30
CTTGNN	30
NATGAA	30
NGCACA	29
NGCAAC	29
CCGTNN	29
NCACCC	29
GGCATN	29
NAAGTA	29
GTGTGN	29
NGTGAC	29
TGTANN	29
GGCTNN	29
GTACAN	29
NCAAGT	29
NACTCA	29
NGATAT	29
NAAACC	29
NTTGCA	29
GACATN	29
NCCTCA	29
NGGGGC	28
CTGTGN	28
ATCANN	28
NTATAC	28
GACCAN	28
ACCTNN	28
NACCCA	28
NACTAA	28
NGGGGT	28
TGAGNN	28
NATGTC	28
NTGTGT	28
AGCCNN	28
TGCCNN	28
NTCAAC	28
NACGGA	28
NAATAC	28
GCAANN	28
NATGGT	28
NAACTA	28
NAAAGT	27
NGCATC	27
NTCACA	27
TACATN	27
TGTCAN	27
NTACCA	27
NGACTG	27
GTCACN	27
CGTGNN	27
NAACTG	27
NAATAA	27
NGCATT	27
NCACAT	27
NCAAAC	27
NAGGAA	27
NGAACA	27
NATTGC	27
NCACAG	27
GTTANN	27
NAAAAG	26
NGTGTT	26
NCTTGA	26
TCACNN	26
NTGACT	26
NGTGTA	26
NTATGT	26
NAAAAT	26
TCGGNN	26
NTCCAT	26
CATCAN	26
GCTANN	26
ACAGNN	26
CCGGNN	26
GAATNN	26
NTCATG	26
GGATNN	26
NGAGGA	26
CATTGN	26
NCATAA	26
AGCANN	26
CTATNN	26
CCAGTN	26
GTGCTN	26
CAATTN	26
CTGCAN	26
NGAGTA	26
TGAANN	26
NCTCTG	26
NCCTAC	26
NCAGAA	26
CCCAAN	26
CTCTNN	25
NACAGC	25
GTTTGN	25
NAAAGG	25
NTGGAC	25
GTCAAN	25
NTGGTG	25
NAGCAG	25
NGTGTC	25
CGTTNN	25
GTAGNN	25
NAGTGA	25
NAGCAA	25
NGTTTA	25
NACTAT	25
NTGTAG	25
NAATAG	25
NCAATG	25
NGGCCA	25
NTACCC	25
NTATGC	25
NGCTTG	25
CTGACN	25
NCTACA	25
CAACGN	25
NGTATG	25
CATGGN	25
NGAGAG	25
CACTGN	25
NCTGAA	25
NGACAT	25
TGTTGN	25
NTCACC	25
NCCTTT	25
CCACCN	24
CGAANN	24
CGTANN	24
NTGTAT	24
AGTANN	24
NGATAA	24
NAAGGC	24
CAAATN	24
CAGGAN	24
NATAAC	24
GGACAN	24
NCATGC	24
NATAAA	24
TCGCNN	24
AGTTNN	24
NGAGAA	24
CGTCNN	24
NTGTGC	24
NTGGCA	24
TACCNN	24
NACAGG	24
NGGAAA	24
NAGTCA	24
NGAGGG	24
NGCCCT	24
NGACCA	23
CCTGTN	23
NACTTT	23
NCACTT	23
NGCCTT	23
NTAACC	23
NTGCTC	23
GACTTN	23
GGCCTN	23
TCCTNN	23
GACGNN	23
NAATAT	23
TCCANN	23
NCCAGG	23
NAGAAA	23
GGCGNN	23
AAAANN	23
CACTAN	23
TGCCTN	23
CAGTTN	23
NTGGAA	23
AACCNN	23
NTCGAA	23
NTGCCA	23
NGTCCA	23
GATTNN	23
NAGGTG	23
GCAAAN	23
NCCACC	23
NGTGCA	23
NACGTA	23
NCCTGA	23
CAAGTN	23
TGTGTN	23
CATTAN	23
NTCCAA	23
NCCTTA	23
NAGTGT	23
NAAAGC	23
AAACNN	23
NGCTCA	23
NTGTAC	23
GTCTTN	22
NTATAT	22
NAGCTT	22
NGATGA	22
NGTCTG	22
NCCTTC	22
TAACNN	22
NAGATA	22
NGAAAC	22
NCAGTA	22
NGCAAT	22
NAGGTC	22
NTACGA	22
NACTAG	22
NAAATA	22
NTGCTA	22
NAGCCC	22
NTTGAA	22
NAGGAG	22
NTCTGA	22
GACCTN	22
NGCTGA	22
NAAACG	22
GTCCCN	22
GACAAN	22
AGCGNN	22
NTGCAG	22
NGCTGT	22
NCACCT	22
NAACGC	22
NGTTGA	22
NATGTG	22
ACTGNN	22
GACAGN	22
NGAAAG	22
CCACTN	22
ACCTGN	22
NGGCAT	22
NTCTAC	22
GTATGN	21
NCAGTG	21
CCCATN	21
NGCCCC	21
NGGACA	21
NGCTTC	21
CAGTAN	21
NCAACT	21
NCTGGT	21
NATTTG	21
NATTGT	21
CAGCAN	21
GCCAAN	21
NCTGCA	21
CAGACN	21
NATTCA	21
NGTTGT	21
NGCCAC	21
NGTCCG	21
AATGNN	21
CAACCN	21
NGATGT	21
GTACCN	21
GGCTGN	21
CCAATN	21
NCATCC	21
AACGNN	21
TATGNN	21
AGAGNN	21
NAGGAC	21
NCCCAG	21
CGTCAN	21
NCCCGG	21
NAGCAC	21
TACCAN	21
NAGGGC	21
NTACTA	21
CTGGAN	21
CTGCTN	21
NACGTC	21
NTGATA	21
TGCAGN	21
NTTGTT	21
TGATNN	21
NAGAAC	21
NAAGCC	21
CACTTN	20
CCAGAN	20
TAGGNN	20
NAACTT	20
CGCANN	20
NACCGG	20
AGACNN	20
CCTGCN	20
NAATCC	20
CTCCNN	20
GTGTTN	20
NCAAAT	20
ACCCTN	20
NGTTAT	20
NCACGG	20
CTGATN	20
NCTTGC	20
TGACCN	20
NCACTC	20
NAATCT	20
NGCCTG	20
GTCCAN	20
NCAGGG	20
NGCCTA	20
NGTCGA	20
NGTGGT	20
NGCATG	20
CCAAAN	20
NGATCC	20
NGCAGG	20
NCATGA	20
GGTGAN	20
NTGGTC	20
GAGANN	20
NAAGGA	20
NGATGG	20
NCTGAC	20
NTTTAA	20
GTATAN	20
NTTTGA	20
CACAGN	20
CATGAN	20
NCAGGT	20
NCCTCC	20
NATGCT	20
NGACGA	20
TAATNN	20
NGCCCA	20
GGATCN	20
NATTAT	20
NACTTC	20
NACTTA	20
NAAGTC	20
NTCTGT	20
NAACGT	19
NCTTTG	19
CATTTN	19
NTGGGA	19
NAACTC	19
NATGGG	19
TCCCNN	19
AACTNN	19
NATTAA	19
TACAAN	19
NAGCGG	19
NGGTCA	19
NAAACT	19
ACCAAN	19
NTTTAC	19
CCGGTN	19
NATTAG	19
GTGATN	19
NGGGAT	19
NCCTAG	19
AAATNN	19
NAGAGG	19
ACCCAN	19
NCTGTG	19
NATGTT	19
GTGAAN	19
CAAGAN	19
NGGCAG	19
NTGCTG	19
NGACTA	19
NTCAGA	19
GGAGTN	19
NAAGAT	19
CGATNN	19
NAAGAG	19
NATATA	19
NAATTA	19
TCATNN	19
NGCCAG	19
NTACTT	19
GTTGAN	19
GGGCAN	19
NGTTAC	19
NACCGA	19
GACTAN	19
AACCAN	19
CTACTN	19
TGTCTN	19
GGCCCN	19
NCCCTC	19
NGATTG	19
NCAGAC	19
NACCGT	19
NGACCG	19
NATGGC	19
CCATAN	19
NCAATC	19
NCCGAA	19
NTGTCC	19
NGCAGT	19
CAAAGN	19
NAGCGC	18
NATTAC	18
ATACNN	18
GAGCNN	18
GCCTGN	18
NCCAGT	18
GCCTTN	18
CTAANN	18
GCACAN	18
NCACGT	18
NGTAAA	18
NGGGTA	18
GGAATN	18
NTAAAC	18
CGGGNN	18
GTTTAN	18
GAGGNN	18
NGGTAA	18
GTGGTN	18
GACTGN	18
CTAGTN	18
NATTTA	18
NAGCCA	18
NTGAAC	18
NATTGG	18
NTGAAT	18
GCCGNN	18
NTCCTA	18
ACATGN	18
NTGATT	18
TACGNN	18
NTGTTA	18
NTATCA	18
AGTGNN	18
TGCTGN	18
TGATTN	18
AATANN	18
NCTTGT	18
NTGTGG	18
NGGAAG	18
CCTTGN	18
CCTTTN	18
GTCTAN	18
CAGCTN	18
TGGCNN	18
NTGGGT	18
NAATTT	18
GTCGNN	18
AGGGNN	18
NAAATC	18
NTAGTG	18
NTTACA	18
NAGCTC	18
NTAGCA	18
NGCGAA	18
TATANN	18
NACGGC	18
NCTTGG	18
AAGCNN	18
GGCTCN	18
NCAGTC	18
TACTNN	18
ATGCTN	18
NCCACG	18
NAAGGG	18
GCGCNN	18
GTCCTN	18
NTTTGT	18
NATTGA	17
NCCCGA	17
NCTGGA	17
GGTCTN	17
NTTCTG	17
NGCTAG	17
NGCTAT	17
NTGTCT	17
NCTTTA	17
NTGGGG	17
NGAAGA	17
AAGGNN	17
NCTTAC	17
NCTGTT	17
TGGGNN	17
NTGATC	17
NCAGCA	17
CTGTCN	17
CACTCN	17
NGACCC	17
NAGATG	17
GGAAAN	17
CATATN	17
CCTCAN	17
CCATCN	17
NAGGAT	17
NTCCTC	17
TGTTTN	17
NGTTTC	17
NAAGTG	17
TGTGAN	17
NCGGTC	17
NAAGTT	17
NAAATT	17
TGTATN	17
GAACAN	17
ATATNN	17
CGCGNN	17
NGTAAC	17
ACCGNN	17
NAGTTA	17
NAGGGA	17
TGTTAN	17
CATCTN	17
NTAGAA	17
NGTGGC	17
NTCAAG	17
GAGATN	17
TGCGNN	17
NTCTAA	17
GAAGNN	17
GAGTNN	17
NTCAGT	17
NCATTA	17
NAGGGT	17
NTGTTT	16
NTCCAG	16
NTGTTC	16
NGGCAC	16
NCTTAA	16
CCCGTN	16
NGCGGG	16
NTGCCC	16
GGGGAN	16
CCCGAN	16
GTACGN	16
NGTTCA	16
GCAATN	16
NAGACT	16
NGAATA	16
NGTCCC	16
NATGCC	16
NTCCCC	16
NTCTAT	16
CTGTAN	16
NGCTTT	16
CAGGGN	16
GAATAN	16
CAGGTN	16
NCCGGG	16
NCTATA	16
NCAACC	16
NTGGTA	16
NAACGA	16
AGCTNN	16
GTCTGN	16
NAACCT	16
CTGAGN	16
TCGANN	16
GACACN	16
NGCTAA	16
NAATTG	16
CAGTGN	16
NCTCCA	16
TCTGNN	16
GGAGGN	16
NAACCG	16
CCAACN	16
NGATTC	16
GAACTN	16
GGGTTN	16
NTCATT	16
NTCTCC	16
NGTACT	16
GACGTN	16
NTCCTG	16
NCCTCT	16
GGTCCN	16
NGGTTG	16
NAGCGA	16
NAAGGT	16
GTTGCN	16
CATGCN	16
NATAGC	16
NATCCA	16
NGTTGC	16
NCCCCG	16
NTACCG	16
CCGTAN	16
NAGCTG	16
NTTATA	16
NTACTG	16
NACCCG	16
NGGTAC	16
GTGACN	16
NATCCG	16
NAGAGT	16
NGCCTC	16
NTGAGT	16
TAAANN	16
CCTGAN	16
TTATNN	16
TTCTNN	16
NTCCGA	16
GTTGTN	16
GCATTN	16
CAGAAN	16
CGAGNN	16
NGACGT	16
TCAGTN	16
CCCAGN	16
NGGTTA	16
NTATTA	15
NGCGTA	15
GGAAGN	15
GATGAN	15
GAGAAN	15
NGAGCA	15
TAACCN	15
NTTGAG	15
NCATAG	15
CTCTGN	15
NATATT	15
CTATGN	15
NATAGA	15
ATGANN	15
TGTCCN	15
NCCACT	15
GGGAAN	15
NCACCG	15
NTAGAC	15
GACCCN	15
GTTCAN	15
NGACGC	15
NACGGT	15
NTTCAC	15
NATGCG	15
NCAGGA	15
NATCTT	15
AGCAAN	15
NACTCC	15
GTACTN	15
NATCTA	15
TGATCN	15
NGTGGA	15
NACTCG	15
NTTCAA	15
CACCCN	15
CGTTAN	15
NAGACC	15
NGTCGT	15
GCGANN	15
GGCTTN	15
GCAAGN	15
GCATAN	15
NAGGTA	15
TCACAN	15
GCCCCN	15
CAAGCN	15
NGTCCT	15
NGTCGG	15
NCTGTA	15
NTCCCT	15
NGTATA	15
ATGGNN	15
NTGAGG	15
NCCTAT	15
NACACG	15
NGGGAG	15
NCGCAA	15
NATTTT	15
CCGCCN	15
NTGAAG	15
ACACAN	15
NCCTGT	15
CTTGCN	15
CACCGN	15
NCAGGC	15
NAAAGA	15
NAGTAA	15
CATTCN	15
GTAAAN	15
CCGTTN	15
CTGAAN	15
NTGGAG	15
NCTCAC	15
CTGCCN	15
GCATCN	15
AGAGAN	15
CCTCCN	14
NTACTC	14
NCTAAA	14
NTAAGA	14
NGGGTG	14
NGGTGA	14
GTATTN	14
CACGAN	14
GGACCN	14
NGTTGG	14
NTTCGA	14
NGTATC	14
GCCACN	14
CTATCN	14
NTCTTT	14
TGAAAN	14
GGTGCN	14
GTGGAN	14
NGTTTT	14
NTTGTA	14
CACGGN	14
NCCCGT	14
NCAGAG	14
TCCCTN	14
NTTGCC	14
NATCCT	14
AAAGNN	14
NAAGCG	14
NCTGCC	14
GTAGGN	14
NGTACG	14
NTCTGG	14
CCTACN	14
GGTCGN	14
TGCACN	14
NAGGCG	14
CGATGN	14
NGGACC	14
GGATAN	14
NTTGAT	14
CGGTNN	14
NCTTCA	14
CGCCAN	14
NTGCGT	14
TGTGGN	14
NTCCAC	14
CGACAN	14
NGGATC	14
NCCGTG	14
NTCAGG	14
TCCATN	14
GATTTN	14
NTGGCT	14
NGTGAG	14
CTCGNN	14
NAGTGG	14
CAGTCN	14
CTCTAN	14
GAATGN	14
NAGAAG	14
GGGTCN	14
GGGTAN	14
NGGGAA	14
GTTCGN	14
CTGTTN	14
GGGCCN	14
ACAAAN	14
CCCCGN	14
NGAATG	14
NGGGCA	14
NCCGAT	14
NGGGAC	14
NCCAGC	14
NGGGCC	14
TGGCAN	14
NACGCA	14
NACGCC	14
NTCCCA	14
AATCNN	14
NTCGAG	14
NGAGTG	13
NTTTTG	13
NTTGTG	13
TAACAN	13
CGCCNN	13
TAAGNN	13
TACAGN	13
NTTCTT	13
NGATTT	13
NCGTAA	13
CTTGTN	13
NAGTCC	13
NAGTAC	13
ACTCNN	13
NTCACG	13
NTCACT	13
AAATGN	13
TGGTNN	13
GGTTAN	13
NAGGCT	13
NGTAGA	13
GATGTN	13
TCTTNN	13
NGGTGG	13
CATCGN	13
ACTTNN	13
ATAGNN	13
GCCAGN	13
NTCTCG	13
NCTGCT	13
GCCCAN	13
NTCTCT	13
NTAGGC	13
NTAATC	13
GAGACN	13
NATCCC	13
ATCCNN	13
NCGGTA	13
NCATCT	13
NATCTC	13
NTAGAG	13
CCACGN	13
AACCCN	13
AGCATN	13
NATAAT	13
GATCAN	13
AACATN	13
CCAAGN	13
NGTGGG	13
NTATGG	13
NAGTGC	13
ACTANN	13
GATGGN	13
TTTCNN	13
AAACAN	13
NTTATC	13
NGGACG	13
NGCTGG	13
NTGGGC	13
GCTTCN	13
AGACTN	13
ATTTNN	13
TGATAN	13
NCAATT	13
NTGGCC	13
CTCCCN	13
NGAAAT	13
NGCCGA	13
AGATNN	13
CTCATN	13
NGACAG	13
NGAAGT	13
TCCGNN	13
GCTTTN	13
NGGTAG	13
NTCTTC	13
NGGGTT	13
GTGGGN	13
NAGATC	13
GGTATN	13
TCAATN	13
NTTCAG	13
NGGCTA	13
CCTGGN	13
NGGCCC	13
NTGCGC	13
NAGAAT	13
GGGATN	12
NCATCG	12
NATAGG	12
NATCGA	12
GTTCTN	12
NCGTCA	12
NATATG	12
TCCAAN	12
GTAGTN	12
NCAAGG	12
NCTGGG	12
NAGATT	12
NATTCC	12
GTGTCN	12
NAGGCC	12
NCGCAC	12
NCTCTA	12
GGTTCN	12
NCTCAT	12
GGGCTN	12
NCTCAG	12
NGAAAA	12
NCCGGA	12
AAAACN	12
NCGCTA	12
NCTAGA	12
NCACGA	12
NAGTTG	12
GATGCN	12
GCTTAN	12
CGGACN	12
TGGTAN	12
CCTCTN	12
CAGATN	12
ATACCN	12
TATTNN	12
GCGTNN	12
NGTCTC	12
NGCTCC	12
CGCTNN	12
ACACTN	12
NGCACC	12
GCCTCN	12
NTCTCA	12
TGGANN	12
GGAGAN	12
ACAACN	12
NGTACC	12
TAGCNN	12
CCGCTN	12
ACCACN	12
NGTAAG	12
GAAGCN	12
NGTATT	12
NGCGAC	12
NTATAG	12
CGTCGN	12
CATCCN	12
CCGACN	12
ACCCGN	12
CCGAAN	12
NGGTAT	12
CCTAGN	12
TCATAN	12
NTAATG	12
CTCCAN	12
ATCTNN	12
TGATGN	12
CGCAAN	12
ACGGNN	12
CAAGGN	12
NGGAGA	12
NTACGG	12
NTAGCC	12
NGATAG	12
NTAGGG	12
NTAGGT	12
CTCTCN	12
NTCGCA	12
NGTTCG	12
NGTTCT	12
TGAGAN	12
CGTTGN	12
CGAATN	12
TACGTN	12
CTATAN	12
NCGCCC	11
CCAGCN	11
NTCGAT	11
GATTGN	11
AAGANN	11
NTCGGC	11
GGTAAN	11
CCCGCN	11
NCTTAG	11
NCGAAG	11
TATGCN	11
NCGACA	11
NAGTTC	11
TGCTAN	11
NCTGTC	11
ATCCAN	11
NTTGGC	11
NGGCTC	11
NTAGGA	11
GTCGAN	11
CGAAAN	11
GATATN	11
AGGCNN	11
NGTTCC	11
NCTAAG	11
AGTGGN	11
GTCCGN	11
TTGTNN	11
NGTGCT	11
NTAAAA	11
CGCATN	11
NTAGAT	11
AGTCNN	11
NTACGC	11
GTCAGN	11
CGATTN	11
NTAATA	11
GAATCN	11
NGTAGC	11
NGTAGT	11
GAAGAN	11
GCACTN	11
NCTCTC	11
NTTTTT	11
AGCTTN	11
GGTTGN	11
NTCAGC	11
NCTCCT	11
NTTAAC	11
ACCGGN	11
GTCGGN	11
NCTATT	11
NAGAGC	11
GTAATN	11
NCTAGG	11
TTCCNN	11
ATTGNN	11
NGAGTT	11
GGCAGN	11
GGGGTN	11
NGAATC	11
NCAGCC	11
NTTCAT	11
NGATGC	11
NGACTC	11
GGATGN	11
AGCCCN	11
GCTGAN	11
ACAATN	11
NATTCT	11
GCTATN	11
CACGTN	11
NTGGAT	11
GGGACN	11
CAGAGN	11
NGACCT	11
NGCACG	11
CATAAN	11
GTTTTN	11
NCCGAC	11
NGAGCT	11
TCCCAN	11
GCTGCN	11
NGGAGG	11
NTGAGA	11
CTGGGN	11
NTCGTC	11
NGAGAT	11
CTTTCN	11
TCCACN	11
NCTTTC	11
NGGAGC	11
TGAATN	10
TTCANN	10
ACCTTN	10
CCTTAN	10
NTATTT	10
NAGCCT	10
AGAANN	10
NGCACT	10
TGGACN	10
CCTATN	10
AGACAN	10
NTGCCG	10
ACCTAN	10
CCTCGN	10
CAGCCN	10
CACGCN	10
NCCGTT	10
NCTATC	10
TCATGN	10
GAGCAN	10
NTAAGC	10
AGTCCN	10
TACCTN	10
CTCACN	10
NGAGAC	10
CGCACN	10
GTTAGN	10
AGGTNN	10
NACGCT	10
NCGGGG	10
CTCAAN	10
NCGTTA	10
CTAGAN	10
CTCGGN	10
NCAGCT	10
TAATGN	10
AGTGAN	10
NTAGTC	10
NGATCT	10
TGCCGN	10
GATACN	10
GCTGTN	10
NGTTAG	10
TGACGN	10
CGCTCN	10
NGGTCG	10
CCGGAN	10
AAGGGN	10
NTCTTG	10
TCAAGN	10
NCTGAG	10
TAGGGN	10
GAACGN	10
NCGACG	10
NTTTGG	10
CTACCN	10
CGTGTN	10
NAGTAG	10
NGCGGA	10
TCCTCN	10
CGTTTN	10
GAAAAN	10
NTTTAT	10
NAGTCT	10
NTTTAG	10
CTTCAN	10
CTTGAN	10
AGCTAN	10
GCTAAN	10
CTTCCN	10
NTCCTT	10
NGGAAC	10
NTCAAT	10
NGCCGT	10
TAGANN	10
CGGCAN	10
NATCTG	10
TTGCAN	10
NTTGCT	10
GCACCN	10
NGGATT	10
NGAATT	10
GTCTCN	10
NTTCCA	10
ATTCNN	10
NCGAAA	10
NGCGAT	10
GGGTGN	10
NCTTCC	10
NGGAAT	10
TGGAAN	10
TACCCN	9
NCAGTT	9
TGCCAN	9
AGGGGN	9
NTTAGA	9
NCGAAT	9
CTAGNN	9
CTTTAN	9
GTGCGN	9
CGTGGN	9
GACGGN	9
NTACCT	9
NTTGGT	9
NTCGTT	9
NCCGAG	9
CGCTTN	9
AACACN	9
CGGANN	9
AACAAN	9
TGTAGN	9
NTATTG	9
CGGGGN	9
CTGGCN	9
AACAGN	9
CGTACN	9
NCCCGC	9
NCGCTT	9
GAATTN	9
NTGCGG	9
CTTACN	9
CTAATN	9
NTTTTA	9
TGGTGN	9
AGCAGN	9
TAATAN	9
NTATAA	9
NTTTCA	9
NTTCCT	9
NCGGAT	9
NTAGTT	9
GACCGN	9
NTCTGC	9
GTTACN	9
GTGAGN	9
NATTTC	9
TATGTN	9
NGCTGC	9
ATGCCN	9
NCTCCC	9
NATTCG	9
GTAACN	9
GATTAN	9
NCTATG	9
NGCGTT	9
ATCTTN	9
ATAANN	9
NGAACT	9
TCACCN	9
TACTCN	9
NGAAGC	9
TCCTTN	9
NGAAGG	9
NCAAGC	9
ACATTN	9
NATACG	9
NATAAG	9
NGGCTT	9
NGGCTG	9
TAGTNN	9
TCTCTN	9
TCTCNN	9
NGGTGC	9
NAGGTT	9
ATACAN	9
GGTGGN	9
NGGCCT	9
NATCGC	9
GCACGN	9
NCTTAT	9
NGGATG	9
CCGTCN	9
NAGCGT	9
TCACTN	9
CGATAN	9
NTAAGG	9
GGCGTN	9
CGAGTN	9
NACGAG	9
NCGTGC	9
AATCAN	9
GGCACN	9
AAGTNN	9
GAGGCN	9
GAGGGN	9
AACGGN	9
GGAACN	9
NGACGG	9
GGACGN	9
TGTGCN	9
TTCACN	9
NGCAGC	9
AATTNN	9
TGGGAN	8
NTCGCT	8
NGAGTC	8
TCCCCN	8
NGGCGG	8
TATGAN	8
NCGAGA	8
GGCCGN	8
NTCTTA	8
CTCCTN	8
NATAGT	8
NCGATA	8
AAGGTN	8
GTTATN	8
ACACGN	8
NCCGCA	8
NGCCGG	8
TCCAGN	8
NGCGTC	8
TCCGAN	8
NGATTA	8
NGCTAC	8
GGATTN	8
AAAGGN	8
NGCTCG	8
ATGGAN	8
NGCTCT	8
ATGCGN	8
NCGAAC	8
CGATCN	8
NCCGGC	8
TGGATN	8
NTTAGG	8
NTCGGT	8
TCTANN	8
CCAGGN	8
NTTAGC	8
NTCGGA	8
GAGGAN	8
NCGTCT	8
NCGTGA	8
AACGCN	8
AAGAAN	8
GTAGAN	8
AGGTAN	8
NCGGGA	8
GCAACN	8
NCGCGT	8
NCTCGA	8
GATAAN	8
GTCGTN	8
NACGTG	8
CGACTN	8
ACCGAN	8
GATTCN	8
CGGAAN	8
NTAGCG	8
GTCGCN	8
TGACTN	8
TACTGN	8
ACTAAN	8
AGTTGN	8
ACGCAN	8
NTAACT	8
NCGATG	8
NAGTTT	8
TATAAN	8
ATCACN	8
NCATTC	8
NACCGC	8
TTACGN	8
NTTTCC	8
AGTACN	8
CCGATN	8
TAGCTN	8
NTTTTC	8
NCGTTT	8
AGCTGN	8
NCGGCA	8
TAGCCN	8
NCGTAG	8
AAATTN	8
GAAGTN	8
NCGTCC	8
AAACCN	7
CTAGCN	7
TCAGNN	7
AGGCTN	7
CGACGN	7
CTAGGN	7
TGAGGN	7
TTTTNN	7
TCATCN	7
TACGCN	7
CGAGAN	7
TCATTN	7
CTCAGN	7
AGTCAN	7
NTTAAG	7
GGCGGN	7
CGGCNN	7
TATACN	7
TGCTCN	7
NTTGGG	7
ATCGNN	7
CCGGGN	7
CGTATN	7
ATATCN	7
CGTAAN	7
NATCGG	7
NTTGCG	7
CGGTTN	7
CCGTGN	7
TAGCAN	7
CGTTCN	7
ATGACN	7
NCACGC	7
TAGATN	7
NTTCTC	7
GTTTCN	7
NAGCCG	7
NTTCGG	7
TGAAGN	7
CCTTCN	7
CTACGN	7
NCAACG	7
TACTAN	7
CGAAGN	7
TAATCN	7
AGTGCN	7
TCCTAN	7
CGACCN	7
AACCGN	7
GATCCN	7
NCTACC	7
NCTAAT	7
ACGATN	7
GAGGTN	7
NTAAAG	7
NCGTGT	7
NTAAAT	7
NCGTAT	7
NCGGTT	7
TGTCGN	7
AACCTN	7
AACTCN	7
GACGCN	7
ACGTNN	7
ACTCAN	7
ACTGAN	7
NTCCGC	7
NCGCAG	7
GAAAGN	7
NTCCGG	7
AAATAN	7
NCGAGC	7
NTCGTA	7
NGGGCT	7
NGAGCC	7
GCTTGN	7
TTCAAN	7
GCTGGN	7
NGCGAG	7
NGCGGT	7
NGGACT	7
NGGATA	7
NCTTCG	7
NGGCGT	7
TTGCNN	7
NTTAAA	7
TTGCTN	7
NGGTCT	7
ACATCN	7
NGTAAT	7
GCAGTN	7
NGTCGC	7
TTGGNN	7
NGTCTT	7
TGTTCN	7
NGTGCC	7
NCTAGC	7
NTGTCG	7
AGAGGN	7
NTGGCG	7
CTCGTN	7
TGGCTN	7
NTGACG	7
GTTAAN	7
CTCTTN	7
CTCGAN	7
NTATCG	6
NCTCCG	6
GCTCTN	6
CGCTAN	6
NCGGAG	6
GTGGCN	6
CGCCCN	6
CGCCTN	6
NGCCGC	6
ATGATN	6
ACTACN	6
CAGCGN	6
NTATTC	6
NCTCGT	6
CGGAGN	6
CGGATN	6
NCCGCC	6
GCAGGN	6
TCAGAN	6
TGAGTN	6
AAACTN	6
ATGGTN	6
TTGTGN	6
NCTTTT	6
NCGTTG	6
ATGTGN	6
ATGGCN	6
NGCGGC	6
CATAGN	6
ACGAAN	6
NCCGCG	6
GATCTN	6
NCTACT	6
NCGGTG	6
NTAATT	6
NGCGCG	6
TTGGTN	6
ATACGN	6
ACCGTN	6
TAAGAN	6
AAAATN	6
TATCTN	6
ATTTGN	6
AATGCN	6
CTATTN	6
ATCTCN	6
TATGGN	6
TGGCCN	6
ACAGGN	6
TGCGTN	6
ATCTAN	6
GCCCGN	6
AGATGN	6
AAAGCN	6
AAGTTN	6
NCGAGT	6
TCTCCN	6
ACACCN	6
NGAGGT	6
GGCGAN	6
TCTGAN	6
CTAAAN	6
AGCCTN	6
TATATN	6
AATTCN	6
TGCGGN	6
CGGTAN	6
ATATGN	6
TGTACN	6
NCCGCT	6
NGGTTT	6
ATATTN	6
TAGGTN	6
ATTGTN	6
AACTAN	5
ATAAAN	5
GCGGGN	5
NTTATT	5
AACTTN	5
GCCGCN	5
GCGTAN	5
GCCGGN	5
GCAGCN	5
GATAGN	5
ATCATN	5
TCTAGN	5
ACGANN	5
TATCGN	5
ATCCTN	5
TGGCGN	5
NGGAGT	5
TTACAN	5
TTACNN	5
TCTGTN	5
GCGTTN	5
NCTAGT	5
TCTAAN	5
NCTCGC	5
TAGAAN	5
ATAGCN	5
TAGACN	5
NTTACC	5
TATTAN	5
TCTACN	5
NGCGCT	5
GCGATN	5
TTGTAN	5
TCGTNN	5
GCGAAN	5
NTTACT	5
NGGTTC	5
NGTGCG	5
GCGGNN	5
AGAGCN	5
ATCTGN	5
NCGCGC	5
ATTTCN	5
TGGTTN	5
CGTAGN	5
AATGTN	5
GAAGGN	5
TAAACN	5
TAAAGN	5
ACTCCN	5
TCCGTN	5
AGCTCN	5
CGGCTN	5
TAACTN	5
TGCGCN	5
NCGCGG	5
GTAGCN	5
NCGCTC	5
ACTAGN	5
TAAGGN	5
AGCGTN	5
NGAGCG	5
TGGGTN	5
CTTGGN	5
NTCGTG	5
AATAAN	5
TTCGNN	5
NTTCTA	5
NTCGCG	5
NTCGAC	5
AGGAGN	5
CGTGCN	5
NTTCGT	5
CTTCGN	5
AGCCGN	5
NGATCG	5
NTCCCG	5
AATCTN	5
GGAGCN	5
NGCGCC	5
TGGGCN	5
NTAACG	5
NCGTAC	5
AGAACN	5
ACGGAN	5
NCCTCG	5
TCGAGN	5
NCGGGT	5
NCGTGG	5
NTACGT	5
NCGGGC	5
CGAGCN	5
TCAACN	5
AGGGCN	5
GTTCCN	5
TCACGN	5
ATGTAN	5
CTCCGN	5
ACGTCN	5
NCGGAA	5
CGCCGN	5
CGCGGN	5
CTTAGN	5
TATTTN	5
ATTCTN	5
TTGCCN	4
AGATAN	4
TAGAGN	4
TCCCGN	4
ATTAAN	4
AATACN	4
ATGGGN	4
ATGTCN	4
AAGGAN	4
TCTATN	4
ATTANN	4
AATCCN	4
AATGGN	4
GCGGTN	4
TATTCN	4
GCTCCN	4
TCGTTN	4
AATTGN	4
ATTCGN	4
GCGCCN	4
AGATCN	4
ATGAAN	4
ATTGCN	4
ATTGAN	4
GAGCTN	4
NCGGCC	4
AGGGAN	4
CTTAAN	4
AAAAGN	4
AGGTCN	4
ACGGGN	4
GAGCCN	4
AGTCGN	4
AAAGAN	4
ACGTTN	4
ATCCGN	4
AGACCN	4
NCCGTC	4
NCGTTC	4
GAGTCN	4
GAGTGN	4
TGAGCN	4
GAGTTN	4
AGTGTN	4
ACTGCN	4
CTAACN	4
AGCGAN	4
AAAAAN	4
ACTTGN	4
AGCGGN	4
AAAGTN	4
ACTTAN	4
CTTCTN	4
TTTCTN	4
NACGCG	4
TGTAAN	4
TAAAAN	4
CGGGAN	4
CGGCCN	4
AGGANN	4
TGCGAN	4
CGCTGN	4
AGGCCN	4
CGAACN	4
TTGGAN	4
TAGGAN	4
ATCAGN	4
TTAANN	4
ACCAGN	4
ATATAN	4
TAGTCN	4
TTGGGN	4
TTACTN	4
TTAAAN	4
NAGTCG	4
ACCTCN	4
ACAGAN	4
AGTTCN	4
NCTACG	4
AGCACN	4
NTTACG	4
GCCGAN	4
ATACTN	4
TCTTTN	4
TCTGCN	4
TCCGGN	3
NCGCGA	3
TTTGGN	3
NCGCCT	3
TCTGGN	3
TTCATN	3
TTAGNN	3
NGGCGA	3
NCGCCG	3
TCTCAN	3
TTCCCN	3
NTTTCT	3
NTTTCG	3
TGGTCN	3
NCGATC	3
TTCCTN	3
TAGTTN	3
TTAGAN	3
TATAGN	3
TTAACN	3
TATTGN	3
TCGTAN	3
TACTTN	3
TTATCN	3
TTGTTN	3
NTTAGT	3
TTTTGN	3
TACGAN	3
TCGCTN	3
NGAACG	3
TCTTGN	3
TAAATN	3
TTGATN	3
TCGACN	3
TTTATN	3
TAGCGN	3
TTTCAN	3
TTTTTN	3
NCTGCG	3
TTAGTN	3
NTTCCC	3
TAGTGN	3
TAACGN	3
AGGTTN	3
ACTTTN	3
CGCGAN	3
AAGCAN	3
GAGCGN	3
ACTTCN	3
CCGCGN	3
AGAAGN	3
ACCGCN	3
ATCCCN	3
CGGTGN	3
GGCGCN	3
ACGACN	3
GGGAGN	3
ATGAGN	3
ACGCCN	3
ACGCNN	3
ATTCAN	3
ACTGTN	3
AAGCGN	3
GGTAGN	3
AACGAN	3
ATTGGN	3
ATTTAN	3
AGATTN	3
CTAAGN	3
ATTTTN	3
CGGCGN	3
AGGACN	3
ACAGTN	3
GCTACN	3
AGGCAN	3
AGGAAN	3
GAAACN	3
GCTCGN	3
AAGAGN	3
CTTTTN	3
ATCGTN	3
CCGGCN	2
ACGGCN	2
ACGGTN	2
ATCGGN	2
TCGAAN	2
TGGAGN	2
AATAGN	2
TTTAGN	2
ATAAGN	2
AAGGCN	2
TTCGTN	2
AATCGN	2
ATAATN	2
TTGAAN	2
ACTCGN	2
AGAGTN	2
NTTCGC	2
TTGTCN	2
NTCGGG	2
AAGTGN	2
NCGACT	2
ATAGGN	2
ATAGAN	2
TTCTCN	2
GCTAGN	2
ACTATN	2
AGGATN	2
NTAGCT	2
GCGTGN	2
TTACCN	2
AAGATN	2
GCGCGN	2
GCGCAN	2
NCGTCG	2
GCGGAN	2
TTTGCN	2
GCGAGN	2
NGGCCG	2
CGGGTN	2
TTTGAN	2
TTTTAN	2
GAGTAN	2
NCGGCT	2
AAATCN	2
AGAATN	2
TTGCGN	2
AATTAN	2
ATTACN	2
TTCAGN	2
TATCCN	2
TAAGTN	2
TTATTN	2
ACGAGN	2
TTCCAN	2
GCGTCN	2
NTATCT	2
ATAACN	2
TAGGCN	1
AGTTTN	1
AGGCGN	1
AAGCCN	1
NGATCN	1
TTAATN	1
GCGGCN	1
TTAAGN	1
NGCTTN	1
TTAGCN	1
TTAGGN	1
TCGGTN	1
ATCGCN	1
CGGGCN	1
TTATAN	1
NGGCAN	1
ATCGAN	1
TCCGCN	1
TCGCGN	1
TACCGN	1
TCGCAN	1
ATTATN	1
ACGCTN	1
TCTTAN	1
CGTCCN	1
ACGTAN	1
TTCGGN	1
TTCTGN	1
TTCTTN	1
AAGTCN	1
AGAAAN	1
TCAGCN	1
NCCTAN	1
AGTAAN	1
TTTTCN	1
NATAAN	1
AGTCTN	1
TCAGGN	1
TTTCCN	1
AGTATN	1
NCCGTN	1
NCGGCG	1
NATGAN	1
NCCGGN	1
TTGGCN	1
AGACGN	1
